<?xml version="1.0" encoding="UTF-8"?>
<testsuite name="SimpleBankSystemTest" tests="1" skipped="0" failures="0" errors="0" timestamp="2020-08-28T20:01:16" hostname="DESKTOP-2H8HMTQ" time="21.324">
  <properties/>
  <testcase name="start" classname="SimpleBankSystemTest" time="21.324"/>
  <system-out><![CDATA[?[1;31m
Start test 1?[0m
1. Create an account
2. Log into account
0. Exit
> 0
Bye!
?[1;31m
Start test 2?[0m
1. Create an account
2. Log into account
0. Exit
> 0
Bye!
?[1;31m
Start test 3?[0m
1. Create an account
2. Log into account
0. Exit
> 0
Bye!
?[1;31m
Start test 4?[0m
1. Create an account
2. Log into account
0. Exit
> 0
Bye!
?[1;31m
Start test 5?[0m
1. Create an account
2. Log into account
0. Exit
> 1
Your card have been created
Your card number:
4000007535687476
Your card PIN:
7102
1. Create an account
2. Log into account
0. Exit
> 1
Your card have been created
Your card number:
4000007697313952
Your card PIN:
8261
1. Create an account
2. Log into account
0. Exit
> 1
Your card have been created
Your card number:
4000001062080775
Your card PIN:
9738
1. Create an account
2. Log into account
0. Exit
> 1
Your card have been created
Your card number:
4000003286599796
Your card PIN:
6154
1. Create an account
2. Log into account
0. Exit
> 0
Bye!
?[1;31m
Start test 6?[0m
1. Create an account
2. Log into account
0. Exit
> 1
Your card have been created
Your card number:
4000001707140141
Your card PIN:
0425
1. Create an account
2. Log into account
0. Exit
> 2
Enter your card number: 
> 4000001707140141
Enter your PIN: 
> 0425
You have successfully logged in!
1. Balance
2. Add income
3. Do transfer
4. Close account
5. Log out
0. Exit
> 0
?[1;31m
Start test 7?[0m
1. Create an account
2. Log into account
0. Exit
> 1
Your card have been created
Your card number:
4000007390422563
Your card PIN:
3581
1. Create an account
2. Log into account
0. Exit
> 2
Enter your card number: 
> 4000007390422563
Enter your PIN: 
> 3359
Wrong card number or Pin
1. Create an account
2. Log into account
0. Exit
> 0
Bye!
?[1;31m
Start test 8?[0m
1. Create an account
2. Log into account
0. Exit
> 1
Your card have been created
Your card number:
4000008590625211
Your card PIN:
8734
1. Create an account
2. Log into account
0. Exit
> 2
Enter your card number: 
> 400000212878090
Enter your PIN: 
> 8734
Wrong card number or Pin
1. Create an account
2. Log into account
0. Exit
> 0
Bye!
?[1;31m
Start test 9?[0m
1. Create an account
2. Log into account
0. Exit
> 1
Your card have been created
Your card number:
4000001435747100
Your card PIN:
0712
1. Create an account
2. Log into account
0. Exit
> 2
Enter your card number: 
> 4000001435747100
Enter your PIN: 
> 0712
Wrong card number or Pin
1. Create an account
2. Log into account
0. Exit
> 1
Your card have been created
Your card number:
4000001189970841
Your card PIN:
0126
1. Create an account
2. Log into account
0. Exit
> 0
Bye!
?[1;31m
Start test 10?[0m
1. Create an account
2. Log into account
0. Exit
> 1
Your card have been created
Your card number:
4000005169913697
Your card PIN:
6217
1. Create an account
2. Log into account
0. Exit
> 2
Enter your card number: 
> 4000005169913697
Enter your PIN: 
> 6217
Wrong card number or Pin
1. Create an account
2. Log into account
0. Exit
> 2
Enter your card number: 
> 10000
Enter your PIN: 
Account balance is wrong after adding income.
Expected 10000
> 2
Wrong card number or Pin
1. Create an account
2. Log into account
0. Exit
> 15000
1. Create an account
2. Log into account
0. Exit
Account balance is wrong after adding income.
Expected 25000
> 0
Bye!
?[1;31m
Start test 11?[0m
1. Create an account
2. Log into account
0. Exit
> 1
Your card have been created
Your card number:
4000000854977388
Your card PIN:
4395
1. Create an account
2. Log into account
0. Exit
> 2
Enter your card number: 
> 4000000854977388
Enter your PIN: 
> 4395
Wrong card number or Pin
1. Create an account
2. Log into account
0. Exit
> 4
1. Create an account
2. Log into account
0. Exit
> 0
Bye!
]]></system-out>
  <system-err><![CDATA[java.sql.SQLException: [SQLITE_BUSY]  The database file is locked (database is locked)
	at org.sqlite.core.DB.newSQLException(DB.java:890)
	at org.sqlite.core.DB.newSQLException(DB.java:901)
	at org.sqlite.core.DB.execute(DB.java:807)
	at org.sqlite.core.DB.executeUpdate(DB.java:847)
	at org.sqlite.jdbc3.JDBC3PreparedStatement.executeUpdate(JDBC3PreparedStatement.java:86)
	at banking.CardDataBase.insertValue(CardDataBase.java:51)
	at banking.Controller.command(Controller.java:41)
	at banking.Controller.start(Controller.java:28)
	at banking.Main.main(Main.java:10)
	at java.base/jdk.internal.reflect.NativeMethodAccessorImpl.invoke0(Native Method)
	at java.base/jdk.internal.reflect.NativeMethodAccessorImpl.invoke(NativeMethodAccessorImpl.java:62)
	at java.base/jdk.internal.reflect.DelegatingMethodAccessorImpl.invoke(DelegatingMethodAccessorImpl.java:43)
	at java.base/java.lang.reflect.Method.invoke(Method.java:566)
	at org.hyperskill.hstest.testing.TestedProgram.invokeMain(TestedProgram.java:62)
	at org.hyperskill.hstest.testing.TestedProgram.lambda$start$1(TestedProgram.java:113)
	at java.base/java.util.concurrent.Executors$RunnableAdapter.call(Executors.java:515)
	at java.base/java.util.concurrent.FutureTask.run(FutureTask.java:264)
	at java.base/java.util.concurrent.ThreadPoolExecutor.runWorker(ThreadPoolExecutor.java:1128)
	at java.base/java.util.concurrent.ThreadPoolExecutor$Worker.run(ThreadPoolExecutor.java:628)
	at java.base/java.lang.Thread.run(Thread.java:834)
java.sql.SQLException: [SQLITE_BUSY]  The database file is locked (database is locked)
	at org.sqlite.core.DB.newSQLException(DB.java:890)
	at org.sqlite.core.DB.newSQLException(DB.java:901)
	at org.sqlite.core.DB.execute(DB.java:807)
	at org.sqlite.core.DB.executeUpdate(DB.java:847)
	at org.sqlite.jdbc3.JDBC3PreparedStatement.executeUpdate(JDBC3PreparedStatement.java:86)
	at banking.CardDataBase.insertValue(CardDataBase.java:51)
	at banking.Controller.command(Controller.java:41)
	at banking.Controller.start(Controller.java:28)
	at banking.Main.main(Main.java:10)
	at java.base/jdk.internal.reflect.NativeMethodAccessorImpl.invoke0(Native Method)
	at java.base/jdk.internal.reflect.NativeMethodAccessorImpl.invoke(NativeMethodAccessorImpl.java:62)
	at java.base/jdk.internal.reflect.DelegatingMethodAccessorImpl.invoke(DelegatingMethodAccessorImpl.java:43)
	at java.base/java.lang.reflect.Method.invoke(Method.java:566)
	at org.hyperskill.hstest.testing.TestedProgram.invokeMain(TestedProgram.java:62)
	at org.hyperskill.hstest.testing.TestedProgram.lambda$start$1(TestedProgram.java:113)
	at java.base/java.util.concurrent.Executors$RunnableAdapter.call(Executors.java:515)
	at java.base/java.util.concurrent.FutureTask.run(FutureTask.java:264)
	at java.base/java.util.concurrent.ThreadPoolExecutor.runWorker(ThreadPoolExecutor.java:1128)
	at java.base/java.util.concurrent.ThreadPoolExecutor$Worker.run(ThreadPoolExecutor.java:628)
	at java.base/java.lang.Thread.run(Thread.java:834)
java.sql.SQLException: [SQLITE_BUSY]  The database file is locked (database is locked)
	at org.sqlite.core.DB.newSQLException(DB.java:890)
	at org.sqlite.core.DB.newSQLException(DB.java:901)
	at org.sqlite.core.DB.execute(DB.java:807)
	at org.sqlite.core.DB.executeUpdate(DB.java:847)
	at org.sqlite.jdbc3.JDBC3PreparedStatement.executeUpdate(JDBC3PreparedStatement.java:86)
	at banking.CardDataBase.insertValue(CardDataBase.java:51)
	at banking.Controller.command(Controller.java:41)
	at banking.Controller.start(Controller.java:28)
	at banking.Main.main(Main.java:10)
	at java.base/jdk.internal.reflect.NativeMethodAccessorImpl.invoke0(Native Method)
	at java.base/jdk.internal.reflect.NativeMethodAccessorImpl.invoke(NativeMethodAccessorImpl.java:62)
	at java.base/jdk.internal.reflect.DelegatingMethodAccessorImpl.invoke(DelegatingMethodAccessorImpl.java:43)
	at java.base/java.lang.reflect.Method.invoke(Method.java:566)
	at org.hyperskill.hstest.testing.TestedProgram.invokeMain(TestedProgram.java:62)
	at org.hyperskill.hstest.testing.TestedProgram.lambda$start$1(TestedProgram.java:113)
	at java.base/java.util.concurrent.Executors$RunnableAdapter.call(Executors.java:515)
	at java.base/java.util.concurrent.FutureTask.run(FutureTask.java:264)
	at java.base/java.util.concurrent.ThreadPoolExecutor.runWorker(ThreadPoolExecutor.java:1128)
	at java.base/java.util.concurrent.ThreadPoolExecutor$Worker.run(ThreadPoolExecutor.java:628)
	at java.base/java.lang.Thread.run(Thread.java:834)
java.sql.SQLException: [SQLITE_BUSY]  The database file is locked (database is locked)
	at org.sqlite.core.DB.newSQLException(DB.java:890)
	at org.sqlite.core.DB.newSQLException(DB.java:901)
	at org.sqlite.core.DB.execute(DB.java:807)
	at org.sqlite.core.DB.executeUpdate(DB.java:847)
	at org.sqlite.jdbc3.JDBC3PreparedStatement.executeUpdate(JDBC3PreparedStatement.java:86)
	at banking.CardDataBase.insertValue(CardDataBase.java:51)
	at banking.Controller.command(Controller.java:41)
	at banking.Controller.start(Controller.java:28)
	at banking.Main.main(Main.java:10)
	at java.base/jdk.internal.reflect.NativeMethodAccessorImpl.invoke0(Native Method)
	at java.base/jdk.internal.reflect.NativeMethodAccessorImpl.invoke(NativeMethodAccessorImpl.java:62)
	at java.base/jdk.internal.reflect.DelegatingMethodAccessorImpl.invoke(DelegatingMethodAccessorImpl.java:43)
	at java.base/java.lang.reflect.Method.invoke(Method.java:566)
	at org.hyperskill.hstest.testing.TestedProgram.invokeMain(TestedProgram.java:62)
	at org.hyperskill.hstest.testing.TestedProgram.lambda$start$1(TestedProgram.java:113)
	at java.base/java.util.concurrent.Executors$RunnableAdapter.call(Executors.java:515)
	at java.base/java.util.concurrent.FutureTask.run(FutureTask.java:264)
	at java.base/java.util.concurrent.ThreadPoolExecutor.runWorker(ThreadPoolExecutor.java:1128)
	at java.base/java.util.concurrent.ThreadPoolExecutor$Worker.run(ThreadPoolExecutor.java:628)
	at java.base/java.lang.Thread.run(Thread.java:834)
java.sql.SQLException: [SQLITE_BUSY]  The database file is locked (database is locked)
	at org.sqlite.core.DB.newSQLException(DB.java:890)
	at org.sqlite.core.DB.newSQLException(DB.java:901)
	at org.sqlite.core.DB.execute(DB.java:807)
	at org.sqlite.core.DB.executeUpdate(DB.java:847)
	at org.sqlite.jdbc3.JDBC3PreparedStatement.executeUpdate(JDBC3PreparedStatement.java:86)
	at banking.CardDataBase.insertValue(CardDataBase.java:51)
	at banking.Controller.command(Controller.java:41)
	at banking.Controller.start(Controller.java:28)
	at banking.Main.main(Main.java:10)
	at java.base/jdk.internal.reflect.NativeMethodAccessorImpl.invoke0(Native Method)
	at java.base/jdk.internal.reflect.NativeMethodAccessorImpl.invoke(NativeMethodAccessorImpl.java:62)
	at java.base/jdk.internal.reflect.DelegatingMethodAccessorImpl.invoke(DelegatingMethodAccessorImpl.java:43)
	at java.base/java.lang.reflect.Method.invoke(Method.java:566)
	at org.hyperskill.hstest.testing.TestedProgram.invokeMain(TestedProgram.java:62)
	at org.hyperskill.hstest.testing.TestedProgram.lambda$start$1(TestedProgram.java:113)
	at java.base/java.util.concurrent.Executors$RunnableAdapter.call(Executors.java:515)
	at java.base/java.util.concurrent.FutureTask.run(FutureTask.java:264)
	at java.base/java.util.concurrent.ThreadPoolExecutor.runWorker(ThreadPoolExecutor.java:1128)
	at java.base/java.util.concurrent.ThreadPoolExecutor$Worker.run(ThreadPoolExecutor.java:628)
	at java.base/java.lang.Thread.run(Thread.java:834)
java.sql.SQLException: ResultSet closed
	at org.sqlite.core.CoreResultSet.checkOpen(CoreResultSet.java:69)
	at org.sqlite.jdbc3.JDBC3ResultSet.findColumn(JDBC3ResultSet.java:38)
	at org.sqlite.jdbc3.JDBC3ResultSet.getInt(JDBC3ResultSet.java:395)
	at SimpleBankSystemTest.getBalance(SimpleBankSystemTest.java:666)
	at SimpleBankSystemTest.lambda$generate$19(SimpleBankSystemTest.java:284)
	at org.hyperskill.hstest.dynamic.input.DynamicTesting$1InputFunctionHandler.ejectNextInput(DynamicTesting.java:85)
	at org.hyperskill.hstest.dynamic.input.DynamicTesting.lambda$toDynamicTesting$0(DynamicTesting.java:124)
	at org.hyperskill.hstest.testing.runner.AsyncMainMethodRunner.lambda$runMain$0(AsyncMainMethodRunner.java:30)
	at java.base/java.util.concurrent.FutureTask.run(FutureTask.java:264)
	at java.base/java.util.concurrent.ThreadPoolExecutor.runWorker(ThreadPoolExecutor.java:1128)
	at java.base/java.util.concurrent.ThreadPoolExecutor$Worker.run(ThreadPoolExecutor.java:628)
	at java.base/java.lang.Thread.run(Thread.java:834)
java.sql.SQLException: ResultSet closed
	at org.sqlite.core.CoreResultSet.checkOpen(CoreResultSet.java:69)
	at org.sqlite.jdbc3.JDBC3ResultSet.findColumn(JDBC3ResultSet.java:38)
	at org.sqlite.jdbc3.JDBC3ResultSet.getInt(JDBC3ResultSet.java:395)
	at SimpleBankSystemTest.getBalance(SimpleBankSystemTest.java:666)
	at SimpleBankSystemTest.lambda$generate$20(SimpleBankSystemTest.java:291)
	at org.hyperskill.hstest.dynamic.input.DynamicTesting$1InputFunctionHandler.ejectNextInput(DynamicTesting.java:85)
	at org.hyperskill.hstest.dynamic.input.DynamicTesting.lambda$toDynamicTesting$0(DynamicTesting.java:124)
	at org.hyperskill.hstest.testing.runner.AsyncMainMethodRunner.lambda$runMain$0(AsyncMainMethodRunner.java:30)
	at java.base/java.util.concurrent.FutureTask.run(FutureTask.java:264)
	at java.base/java.util.concurrent.ThreadPoolExecutor.runWorker(ThreadPoolExecutor.java:1128)
	at java.base/java.util.concurrent.ThreadPoolExecutor$Worker.run(ThreadPoolExecutor.java:628)
	at java.base/java.lang.Thread.run(Thread.java:834)
java.sql.SQLException: [SQLITE_BUSY]  The database file is locked (database is locked)
	at org.sqlite.core.DB.newSQLException(DB.java:890)
	at org.sqlite.core.DB.newSQLException(DB.java:901)
	at org.sqlite.core.DB.execute(DB.java:807)
	at org.sqlite.core.DB.executeUpdate(DB.java:847)
	at org.sqlite.jdbc3.JDBC3PreparedStatement.executeUpdate(JDBC3PreparedStatement.java:86)
	at banking.CardDataBase.insertValue(CardDataBase.java:51)
	at banking.Controller.command(Controller.java:41)
	at banking.Controller.start(Controller.java:28)
	at banking.Main.main(Main.java:10)
	at java.base/jdk.internal.reflect.NativeMethodAccessorImpl.invoke0(Native Method)
	at java.base/jdk.internal.reflect.NativeMethodAccessorImpl.invoke(NativeMethodAccessorImpl.java:62)
	at java.base/jdk.internal.reflect.DelegatingMethodAccessorImpl.invoke(DelegatingMethodAccessorImpl.java:43)
	at java.base/java.lang.reflect.Method.invoke(Method.java:566)
	at org.hyperskill.hstest.testing.TestedProgram.invokeMain(TestedProgram.java:62)
	at org.hyperskill.hstest.testing.TestedProgram.lambda$start$1(TestedProgram.java:113)
	at java.base/java.util.concurrent.Executors$RunnableAdapter.call(Executors.java:515)
	at java.base/java.util.concurrent.FutureTask.run(FutureTask.java:264)
	at java.base/java.util.concurrent.ThreadPoolExecutor.runWorker(ThreadPoolExecutor.java:1128)
	at java.base/java.util.concurrent.ThreadPoolExecutor$Worker.run(ThreadPoolExecutor.java:628)
	at java.base/java.lang.Thread.run(Thread.java:834)
]]></system-err>
</testsuite>
